<?xml version="1.0" encoding="UTF-8"?>
<!-- Generated by org.testng.reporters.JUnitReportReporter -->
<testsuite skipped="0" hostname="LAPTOP-5TE7L551" name="restassured.OnlineAssignment.TestClass" tests="1" failures="0" timestamp="2021-05-28T22:06:30 IST" time="2.950" errors="0">
  <testcase name="testmethod" time="2.950" classname="restassured.OnlineAssignment.TestClass"/>
  <system-out/>
</testsuite> <!-- restassured.OnlineAssignment.TestClass -->
