<?xml version="1.0" encoding="UTF-8"?>
<!-- Generated by org.testng.reporters.JUnitReportReporter -->
<testsuite skipped="0" hostname="LAPTOP-5TE7L551" name="restassured.OnlineAssignment.Calculator" tests="1" failures="0" timestamp="2021-05-20T17:47:06 IST" time="15.548" errors="0">
  <testcase name="googleCalculator" time="15.548" classname="restassured.OnlineAssignment.Calculator"/>
  <system-out/>
</testsuite> <!-- restassured.OnlineAssignment.Calculator -->
