<?xml version="1.0" encoding="UTF-8"?>
<!-- Generated by org.testng.reporters.JUnitReportReporter -->
<testsuite skipped="0" hostname="LAPTOP-5TE7L551" name="restassured.OnlineAssignment.AdditionOFNumber" tests="1" failures="0" timestamp="2021-05-20T19:02:23 IST" time="15.729" errors="0">
  <testcase name="googleCalculator" time="15.729" classname="restassured.OnlineAssignment.AdditionOFNumber"/>
  <system-out/>
</testsuite> <!-- restassured.OnlineAssignment.AdditionOFNumber -->
