<?xml version="1.0" encoding="UTF-8"?>
<!-- Generated by org.testng.reporters.JUnitReportReporter -->
<testsuite skipped="0" hostname="LAPTOP-5TE7L551" name="restassured.OnlineAssignment.DivisionOfNumber" tests="1" failures="0" timestamp="2021-05-20T19:02:22 IST" time="14.884" errors="0">
  <testcase name="googleCalculator" time="14.884" classname="restassured.OnlineAssignment.DivisionOfNumber"/>
  <system-out/>
</testsuite> <!-- restassured.OnlineAssignment.DivisionOfNumber -->
